<?xml version="1.0" encoding="UTF-8"?>
<testsuite xmlns:xsi="http://www.w3.org/2001/XMLSchema-instance" xsi:noNamespaceSchemaLocation="https://maven.apache.org/surefire/maven-surefire-plugin/xsd/surefire-test-report.xsd" name="com.gitflic.core.service.oauth2.YandexOauth2ConnectOAuth2ServiceTest" time="0.261" tests="13" errors="0" skipped="0" failures="0">
  <properties>
[...]
</properties>
  <testcase name="checkSignInIfProfileInfoIsInvalidShouldThrowException" classname="com.gitflic.core.service.oauth2.YandexOauth2ConnectOAuth2ServiceTest" time="0.169"/>
  <testcase name="checkConnectIfOauthConnectionDoesNotAlreadyExistShouldReturnValidConnection" classname="com.gitflic.core.service.oauth2.YandexOauth2ConnectOAuth2ServiceTest" time="0.01"/>
  <testcase name="checkConnectIfBadResponseForProfileInfoShouldThrowException" classname="com.gitflic.core.service.oauth2.YandexOauth2ConnectOAuth2ServiceTest" time="0.007"/>
  <testcase name="checkConnectIfUserConnectionAlreadyExistThrowsException" classname="com.gitflic.core.service.oauth2.YandexOauth2ConnectOAuth2ServiceTest" time="0.007"/>
  <testcase name="checkSignInIfBadResponseStatusShouldThrowException" classname="com.gitflic.core.service.oauth2.YandexOauth2ConnectOAuth2ServiceTest" time="0.004"/>
  <testcase name="checkSignInIfResponseBodyIsNullShouldThrowException" classname="com.gitflic.core.service.oauth2.YandexOauth2ConnectOAuth2ServiceTest" time="0.004"/>
  <testcase name="checkSignInIfOauthConnectionIsAlreadyExistShouldAuthenticate" classname="com.gitflic.core.service.oauth2.YandexOauth2ConnectOAuth2ServiceTest" time="0.008"/>
  <testcase name="checkConnectIfBadResponseStatusShouldThrowException" classname="com.gitflic.core.service.oauth2.YandexOauth2ConnectOAuth2ServiceTest" time="0.005"/>
  <testcase name="checkConnectIfAppUserIsAlreadyTaken" classname="com.gitflic.core.service.oauth2.YandexOauth2ConnectOAuth2ServiceTest" time="0.006"/>
  <testcase name="checkSignInIfOauthConnectionDoesNotExistShouldRegister" classname="com.gitflic.core.service.oauth2.YandexOauth2ConnectOAuth2ServiceTest" time="0.017"/>
  <testcase name="checkConnectIfUserIsBanned" classname="com.gitflic.core.service.oauth2.YandexOauth2ConnectOAuth2ServiceTest" time="0.008"/>
  <testcase name="checkConnectIfResponseBodyIsNullShouldThrowException" classname="com.gitflic.core.service.oauth2.YandexOauth2ConnectOAuth2ServiceTest" time="0.004"/>
  <testcase name="checkConnectIfInvalidTokenModelShouldThrowException" classname="com.gitflic.core.service.oauth2.YandexOauth2ConnectOAuth2ServiceTest" time="0.009"/>
</testsuite>